-------------------------------------------------------------------------------
Test set: it.unicam.cs.PAWNProjectBackend.PawnProjectBackendApplicationTests
-------------------------------------------------------------------------------
Tests run: 1, Failures: 0, Errors: 1, Skipped: 0, Time elapsed: 4.766 s <<< FAILURE! - in it.unicam.cs.PAWNProjectBackend.PawnProjectBackendApplicationTests
contextLoads  Time elapsed: 0.013 s  <<< ERROR!
java.lang.IllegalStateException: Failed to load ApplicationContext
Caused by: org.springframework.beans.factory.UnsatisfiedDependencyException: Error creating bean with name 'administrationController' defined in file [C:\Users\simon\Documents\GitHub\PAWM_Project-Backend\target\classes\it\unicam\cs\PAWNProjectBackend\controller\AdministrationController.class]: Unsatisfied dependency expressed through constructor parameter 0; nested exception is org.springframework.beans.factory.UnsatisfiedDependencyException: Error creating bean with name 'DBMSController' defined in file [C:\Users\simon\Documents\GitHub\PAWM_Project-Backend\target\classes\it\unicam\cs\PAWNProjectBackend\service\DBMSController.class]: Unsatisfied dependency expressed through constructor parameter 0; nested exception is org.springframework.beans.factory.BeanCreationException: Error creating bean with name 'spiaggiaRepository' defined in it.unicam.cs.PAWNProjectBackend.repository.SpiaggiaRepository defined in @EnableNeo4jRepositories declared on Neo4jRepositoriesRegistrar.EnableNeo4jRepositoriesConfiguration: Cannot resolve reference to bean 'neo4jTemplate' while setting bean property 'neo4jOperations'; nested exception is org.springframework.beans.factory.UnsatisfiedDependencyException: Error creating bean with name 'neo4jTemplate' defined in class path resource [org/springframework/boot/autoconfigure/data/neo4j/Neo4jDataAutoConfiguration.class]: Unsatisfied dependency expressed through method 'neo4jTemplate' parameter 1; nested exception is org.springframework.beans.factory.BeanCreationException: Error creating bean with name 'neo4jMappingContext' defined in class path resource [org/springframework/boot/autoconfigure/data/neo4j/Neo4jDataAutoConfiguration.class]: Invocation of init method failed; nested exception is java.lang.IllegalStateException: Missing id property on class it.unicam.cs.PAWNProjectBackend.model.Prenotazione.
Caused by: org.springframework.beans.factory.UnsatisfiedDependencyException: Error creating bean with name 'DBMSController' defined in file [C:\Users\simon\Documents\GitHub\PAWM_Project-Backend\target\classes\it\unicam\cs\PAWNProjectBackend\service\DBMSController.class]: Unsatisfied dependency expressed through constructor parameter 0; nested exception is org.springframework.beans.factory.BeanCreationException: Error creating bean with name 'spiaggiaRepository' defined in it.unicam.cs.PAWNProjectBackend.repository.SpiaggiaRepository defined in @EnableNeo4jRepositories declared on Neo4jRepositoriesRegistrar.EnableNeo4jRepositoriesConfiguration: Cannot resolve reference to bean 'neo4jTemplate' while setting bean property 'neo4jOperations'; nested exception is org.springframework.beans.factory.UnsatisfiedDependencyException: Error creating bean with name 'neo4jTemplate' defined in class path resource [org/springframework/boot/autoconfigure/data/neo4j/Neo4jDataAutoConfiguration.class]: Unsatisfied dependency expressed through method 'neo4jTemplate' parameter 1; nested exception is org.springframework.beans.factory.BeanCreationException: Error creating bean with name 'neo4jMappingContext' defined in class path resource [org/springframework/boot/autoconfigure/data/neo4j/Neo4jDataAutoConfiguration.class]: Invocation of init method failed; nested exception is java.lang.IllegalStateException: Missing id property on class it.unicam.cs.PAWNProjectBackend.model.Prenotazione.
Caused by: org.springframework.beans.factory.BeanCreationException: Error creating bean with name 'spiaggiaRepository' defined in it.unicam.cs.PAWNProjectBackend.repository.SpiaggiaRepository defined in @EnableNeo4jRepositories declared on Neo4jRepositoriesRegistrar.EnableNeo4jRepositoriesConfiguration: Cannot resolve reference to bean 'neo4jTemplate' while setting bean property 'neo4jOperations'; nested exception is org.springframework.beans.factory.UnsatisfiedDependencyException: Error creating bean with name 'neo4jTemplate' defined in class path resource [org/springframework/boot/autoconfigure/data/neo4j/Neo4jDataAutoConfiguration.class]: Unsatisfied dependency expressed through method 'neo4jTemplate' parameter 1; nested exception is org.springframework.beans.factory.BeanCreationException: Error creating bean with name 'neo4jMappingContext' defined in class path resource [org/springframework/boot/autoconfigure/data/neo4j/Neo4jDataAutoConfiguration.class]: Invocation of init method failed; nested exception is java.lang.IllegalStateException: Missing id property on class it.unicam.cs.PAWNProjectBackend.model.Prenotazione.
Caused by: org.springframework.beans.factory.UnsatisfiedDependencyException: Error creating bean with name 'neo4jTemplate' defined in class path resource [org/springframework/boot/autoconfigure/data/neo4j/Neo4jDataAutoConfiguration.class]: Unsatisfied dependency expressed through method 'neo4jTemplate' parameter 1; nested exception is org.springframework.beans.factory.BeanCreationException: Error creating bean with name 'neo4jMappingContext' defined in class path resource [org/springframework/boot/autoconfigure/data/neo4j/Neo4jDataAutoConfiguration.class]: Invocation of init method failed; nested exception is java.lang.IllegalStateException: Missing id property on class it.unicam.cs.PAWNProjectBackend.model.Prenotazione.
Caused by: org.springframework.beans.factory.BeanCreationException: Error creating bean with name 'neo4jMappingContext' defined in class path resource [org/springframework/boot/autoconfigure/data/neo4j/Neo4jDataAutoConfiguration.class]: Invocation of init method failed; nested exception is java.lang.IllegalStateException: Missing id property on class it.unicam.cs.PAWNProjectBackend.model.Prenotazione.
Caused by: java.lang.IllegalStateException: Missing id property on class it.unicam.cs.PAWNProjectBackend.model.Prenotazione.

